<?xml version="1.0" encoding="UTF-8"?>
<!-- Generated by org.testng.reporters.JUnitXMLReporter -->
<testsuite ignored="0" hostname="DESKTOP-F4JT8EC" failures="0" tests="2" name="Default test" time="20.041" errors="0" timestamp="2023-02-10T09:55:46 IST">
  <testcase classname="DependenciesBetweenMethods.DependsOnMethod" name="NavigateToActitime" time="14.425"/>
  <testcase classname="DependenciesBetweenMethods.DependsOnMethod" name="loginToActitime" time="5.537"/>
</testsuite> <!-- Default test -->
