<?xml version="1.0" encoding="UTF-8"?>
<!-- Generated by org.testng.reporters.JUnitXMLReporter -->
<testsuite ignored="0" hostname="DESKTOP-F4JT8EC" failures="0" tests="2" name="Test1" time="13.823" errors="0" timestamp="2023-02-09T09:53:16 IST">
  <testcase classname="CrossBrowserDataDrivenBrowserCompartiblityPrgm.CrossBrowserParallelPrgm" name="swiggyPageTest" time="4.421"/>
  <testcase classname="CrossBrowserDataDrivenBrowserCompartiblityPrgm.CrossBrowserParallelPrgm1" name="SeleniumPageTest" time="2.423"/>
</testsuite> <!-- Test1 -->
