<?xml version="1.0" encoding="UTF-8"?>
<!-- Generated by org.testng.reporters.JUnitXMLReporter -->
<testsuite ignored="2" hostname="DESKTOP-F4JT8EC" failures="0" tests="7" name="Test" time="0.152" errors="0" timestamp="2023-02-10T09:11:34 IST">
  <testcase classname="GroupExecution.Test1" name="demo2" time="0.015"/>
  <testcase classname="GroupExecution.Test2" name="demo1" time="0.009"/>
  <testcase classname="GroupExecution.Test2" name="demo2" time="0.003"/>
  <testcase classname="GroupExecution.Test2" name="demo3" time="0.002"/>
  <testcase classname="GroupExecution.Test3" name="demo1" time="0.001"/>
  <testcase classname="GroupExecution.Test3" name="demo2" time="0.002"/>
  <testcase classname="GroupExecution.Test3" name="demo3" time="0.003"/>
  <testcase classname="GroupExecution.Test1" name="demo1" time="0.0">
    <ignored/>
  </testcase> <!-- demo1 -->
  <testcase classname="GroupExecution.Test1" name="demo3" time="0.0">
    <ignored/>
  </testcase> <!-- demo3 -->
</testsuite> <!-- Test -->
