<?xml version="1.0" encoding="UTF-8"?>
<!-- Generated by org.testng.reporters.JUnitXMLReporter -->
<testsuite ignored="0" hostname="DESKTOP-F4JT8EC" failures="0" tests="2" name="Test2" time="20.909" errors="0" timestamp="2023-02-09T09:53:23 IST">
  <testcase classname="CrossBrowserDataDrivenBrowserCompartiblityPrgm.CrossBrowserParallelPrgm" name="swiggyPageTest" time="3.68"/>
  <testcase classname="CrossBrowserDataDrivenBrowserCompartiblityPrgm.CrossBrowserParallelPrgm1" name="SeleniumPageTest" time="2.413"/>
</testsuite> <!-- Test2 -->
