<?xml version="1.0" encoding="UTF-8"?>
<!-- Generated by org.testng.reporters.JUnitXMLReporter -->
<testsuite ignored="0" hostname="DESKTOP-F4JT8EC" failures="0" tests="9" name="Test" time="0.386" errors="0" timestamp="2023-02-08T09:52:21 IST">
  <testcase classname="BatchExecutionTestNG.TestDemo2" name="demo0" time="0.03"/>
  <testcase classname="BatchExecutionTestNG.TestDemo2" name="demo1" time="0.004"/>
  <testcase classname="BatchExecutionTestNG.TestDemo2" name="demo2" time="0.012"/>
  <testcase classname="BatchExecutionTestNG.TestDemo0" name="demo0" time="0.009"/>
  <testcase classname="BatchExecutionTestNG.TestDemo0" name="demo1" time="0.007"/>
  <testcase classname="BatchExecutionTestNG.TestDemo0" name="demo2" time="0.013"/>
  <testcase classname="BatchExecutionTestNG.TestDemo1" name="demo0" time="0.002"/>
  <testcase classname="BatchExecutionTestNG.TestDemo1" name="demo1" time="0.001"/>
  <testcase classname="BatchExecutionTestNG.TestDemo1" name="demo2" time="0.004"/>
</testsuite> <!-- Test -->
