<?xml version="1.0" encoding="UTF-8"?>
<testng-results ignored="0" total="2" passed="2" failed="0" skipped="0">
  <reporter-output>
  </reporter-output>
  <suite started-at="2023-02-10T09:55:26 IST" name="Default suite" finished-at="2023-02-10T09:55:46 IST" duration-ms="20041">
    <groups>
    </groups>
    <test started-at="2023-02-10T09:55:26 IST" name="Default test" finished-at="2023-02-10T09:55:46 IST" duration-ms="20041">
      <class name="DependenciesBetweenMethods.DependsOnMethod">
        <test-method signature="NavigateToActitime()[pri:0, instance:DependenciesBetweenMethods.DependsOnMethod@194bcebf]" started-at="2023-02-10T09:55:26 IST" name="NavigateToActitime" finished-at="2023-02-10T09:55:41 IST" duration-ms="14425" status="PASS">
          <reporter-output>
          </reporter-output>
        </test-method> <!-- NavigateToActitime -->
        <test-method signature="loginToActitime()[pri:0, instance:DependenciesBetweenMethods.DependsOnMethod@194bcebf]" started-at="2023-02-10T09:55:41 IST" name="loginToActitime" finished-at="2023-02-10T09:55:46 IST" depends-on-methods="DependenciesBetweenMethods.DependsOnMethod.NavigateToActitime" duration-ms="5537" status="PASS">
          <reporter-output>
          </reporter-output>
        </test-method> <!-- loginToActitime -->
      </class> <!-- DependenciesBetweenMethods.DependsOnMethod -->
    </test> <!-- Default test -->
  </suite> <!-- Default suite -->
</testng-results>
