<?xml version="1.0" encoding="UTF-8"?>
<testng-results ignored="0" total="4" passed="4" failed="0" skipped="0">
  <reporter-output>
  </reporter-output>
  <suite started-at="2023-02-09T09:53:03 IST" name="Suite" finished-at="2023-02-09T09:53:23 IST" duration-ms="20909">
    <groups>
    </groups>
    <test started-at="2023-02-09T09:53:03 IST" name="Test1" finished-at="2023-02-09T09:53:16 IST" duration-ms="13823">
      <class name="CrossBrowserDataDrivenBrowserCompartiblityPrgm.CrossBrowserParallelPrgm">
        <test-method is-config="true" signature="methodSetup(java.lang.String)[pri:0, instance:CrossBrowserDataDrivenBrowserCompartiblityPrgm.CrossBrowserParallelPrgm@1e1a0406]" started-at="2023-02-09T09:53:03 IST" name="methodSetup" finished-at="2023-02-09T09:53:07 IST" duration-ms="4134" status="PASS">
          <params>
            <param index="0">
              <value>
                <![CDATA[chrome]]>
              </value>
            </param>
          </params>
          <reporter-output>
          </reporter-output>
        </test-method> <!-- methodSetup -->
        <test-method signature="swiggyPageTest()[pri:0, instance:CrossBrowserDataDrivenBrowserCompartiblityPrgm.CrossBrowserParallelPrgm@1e1a0406]" started-at="2023-02-09T09:53:07 IST" name="swiggyPageTest" finished-at="2023-02-09T09:53:11 IST" duration-ms="4421" status="PASS">
          <reporter-output>
          </reporter-output>
        </test-method> <!-- swiggyPageTest -->
        <test-method is-config="true" signature="methodTeardown()[pri:0, instance:CrossBrowserDataDrivenBrowserCompartiblityPrgm.CrossBrowserParallelPrgm@1e1a0406]" started-at="2023-02-09T09:53:11 IST" name="methodTeardown" finished-at="2023-02-09T09:53:12 IST" duration-ms="340" status="PASS">
          <reporter-output>
          </reporter-output>
        </test-method> <!-- methodTeardown -->
      </class> <!-- CrossBrowserDataDrivenBrowserCompartiblityPrgm.CrossBrowserParallelPrgm -->
      <class name="CrossBrowserDataDrivenBrowserCompartiblityPrgm.CrossBrowserParallelPrgm1">
        <test-method is-config="true" signature="methodSetup(java.lang.String)[pri:0, instance:CrossBrowserDataDrivenBrowserCompartiblityPrgm.CrossBrowserParallelPrgm1@18df8434]" started-at="2023-02-09T09:53:12 IST" name="methodSetup" finished-at="2023-02-09T09:53:14 IST" duration-ms="2105" status="PASS">
          <params>
            <param index="0">
              <value>
                <![CDATA[chrome]]>
              </value>
            </param>
          </params>
          <reporter-output>
          </reporter-output>
        </test-method> <!-- methodSetup -->
        <test-method signature="SeleniumPageTest()[pri:0, instance:CrossBrowserDataDrivenBrowserCompartiblityPrgm.CrossBrowserParallelPrgm1@18df8434]" started-at="2023-02-09T09:53:14 IST" name="SeleniumPageTest" finished-at="2023-02-09T09:53:16 IST" duration-ms="2423" status="PASS">
          <reporter-output>
          </reporter-output>
        </test-method> <!-- SeleniumPageTest -->
        <test-method is-config="true" signature="methodTeardown()[pri:0, instance:CrossBrowserDataDrivenBrowserCompartiblityPrgm.CrossBrowserParallelPrgm1@18df8434]" started-at="2023-02-09T09:53:16 IST" name="methodTeardown" finished-at="2023-02-09T09:53:16 IST" duration-ms="334" status="PASS">
          <reporter-output>
          </reporter-output>
        </test-method> <!-- methodTeardown -->
      </class> <!-- CrossBrowserDataDrivenBrowserCompartiblityPrgm.CrossBrowserParallelPrgm1 -->
    </test> <!-- Test1 -->
    <test started-at="2023-02-09T09:53:03 IST" name="Test2" finished-at="2023-02-09T09:53:23 IST" duration-ms="20909">
      <class name="CrossBrowserDataDrivenBrowserCompartiblityPrgm.CrossBrowserParallelPrgm">
        <test-method is-config="true" signature="methodSetup(java.lang.String)[pri:0, instance:CrossBrowserDataDrivenBrowserCompartiblityPrgm.CrossBrowserParallelPrgm@470734c3]" started-at="2023-02-09T09:53:03 IST" name="methodSetup" finished-at="2023-02-09T09:53:10 IST" duration-ms="7701" status="PASS">
          <params>
            <param index="0">
              <value>
                <![CDATA[firefox]]>
              </value>
            </param>
          </params>
          <reporter-output>
          </reporter-output>
        </test-method> <!-- methodSetup -->
        <test-method signature="swiggyPageTest()[pri:0, instance:CrossBrowserDataDrivenBrowserCompartiblityPrgm.CrossBrowserParallelPrgm@470734c3]" started-at="2023-02-09T09:53:10 IST" name="swiggyPageTest" finished-at="2023-02-09T09:53:14 IST" duration-ms="3680" status="PASS">
          <reporter-output>
          </reporter-output>
        </test-method> <!-- swiggyPageTest -->
        <test-method is-config="true" signature="methodTeardown()[pri:0, instance:CrossBrowserDataDrivenBrowserCompartiblityPrgm.CrossBrowserParallelPrgm@470734c3]" started-at="2023-02-09T09:53:14 IST" name="methodTeardown" finished-at="2023-02-09T09:53:15 IST" duration-ms="1501" status="PASS">
          <reporter-output>
          </reporter-output>
        </test-method> <!-- methodTeardown -->
      </class> <!-- CrossBrowserDataDrivenBrowserCompartiblityPrgm.CrossBrowserParallelPrgm -->
      <class name="CrossBrowserDataDrivenBrowserCompartiblityPrgm.CrossBrowserParallelPrgm1">
        <test-method is-config="true" signature="methodSetup(java.lang.String)[pri:0, instance:CrossBrowserDataDrivenBrowserCompartiblityPrgm.CrossBrowserParallelPrgm1@2cf3d63b]" started-at="2023-02-09T09:53:15 IST" name="methodSetup" finished-at="2023-02-09T09:53:20 IST" duration-ms="4457" status="PASS">
          <params>
            <param index="0">
              <value>
                <![CDATA[firefox]]>
              </value>
            </param>
          </params>
          <reporter-output>
          </reporter-output>
        </test-method> <!-- methodSetup -->
        <test-method signature="SeleniumPageTest()[pri:0, instance:CrossBrowserDataDrivenBrowserCompartiblityPrgm.CrossBrowserParallelPrgm1@2cf3d63b]" started-at="2023-02-09T09:53:20 IST" name="SeleniumPageTest" finished-at="2023-02-09T09:53:22 IST" duration-ms="2413" status="PASS">
          <reporter-output>
          </reporter-output>
        </test-method> <!-- SeleniumPageTest -->
        <test-method is-config="true" signature="methodTeardown()[pri:0, instance:CrossBrowserDataDrivenBrowserCompartiblityPrgm.CrossBrowserParallelPrgm1@2cf3d63b]" started-at="2023-02-09T09:53:22 IST" name="methodTeardown" finished-at="2023-02-09T09:53:23 IST" duration-ms="1095" status="PASS">
          <reporter-output>
          </reporter-output>
        </test-method> <!-- methodTeardown -->
      </class> <!-- CrossBrowserDataDrivenBrowserCompartiblityPrgm.CrossBrowserParallelPrgm1 -->
    </test> <!-- Test2 -->
  </suite> <!-- Suite -->
</testng-results>
